<?xml version="1.0" encoding="UTF-8"?>
<!-- Generated by org.testng.reporters.JUnitReportReporter -->
<testsuite hostname="LAPTOP-M19LQA3N" failures="0" tests="2" name="incubyte.cucumber.TestNGTestRunner" time="21.030" errors="0" timestamp="2024-12-25T19:03:40 IST" skipped="0">
  <testcase classname="incubyte.cucumber.TestNGTestRunner" name="runScenario" time="11.060"/>
  <testcase classname="incubyte.cucumber.TestNGTestRunner" name="runScenario" time="9.970"/>
</testsuite> <!-- incubyte.cucumber.TestNGTestRunner -->
