<?xml version="1.0" encoding="UTF-8"?>
<!-- Generated by org.testng.reporters.JUnitReportReporter -->
<testsuite hostname="LAPTOP-M19LQA3N" failures="0" tests="2" name="incubyte.cucumber.TestNGTestRunner" time="25.989" errors="0" timestamp="2024-12-25T19:37:17 IST" skipped="0">
  <testcase classname="incubyte.cucumber.TestNGTestRunner" name="runScenario" time="11.435"/>
  <testcase classname="incubyte.cucumber.TestNGTestRunner" name="runScenario" time="14.554"/>
</testsuite> <!-- incubyte.cucumber.TestNGTestRunner -->
